This is pdfTeX, Version 3.141592653-2.6-1.40.26 (MiKTeX 24.4) (preloaded format=pdflatex 2024.12.8)  25 APR 2026 05:31
entering extended mode
 \write18 enabled.
 file:line:error style messages enabled.
 %&-line parsing enabled.
**"c:/Users/User/Documents/UBC/Sixth Year/CPEN 499/CPEN-499-Thesis/Thesis Report/CPEN499_Thesis_Report.tex"
(c:/Users/User/Documents/UBC/Sixth Year/CPEN 499/CPEN-499-Thesis/Thesis Report/CPEN499_Thesis_Report.tex
LaTeX2e <2024-11-01>
L3 programming layer <2024-11-02>
(ubcthesis.cls
Document Class: ubcthesis 2015/05/31 v1.72 
 University of British Columbia Thesis Class
(genthesis.cls
Document Class: genthesis 2015/05/31 v1.72 
 University of British Columbia Thesis Class
\hours=\count196
\minutes=\count197
\UBCT@oldtextwidth=\skip49
\UBCT@oldtextheight=\skip50
\UBCT@oldoddsidemargin=\skip51
\UBCT@oldevensidemargin=\skip52
\UBCT@oldtopmargin=\skip53
\UBCT@oldtopskip=\skip54
\UBCT@old@colht=\skip55
\UBCT@old@colroom=\skip56
\UBCT@oldvsize=\skip57
\UBCT@oldcolumnwidth=\skip58
\UBCT@oldhsize=\skip59
\UBCT@oldlinewidth=\skip60
\UBCT@oldparindent=\skip61
\UBCT@oldmarginparsep=\skip62
\UBCT@oldmarginparwidth=\skip63
\partbetweenskip=\skip64
\chapterbeforeskip=\skip65
\chapterbetweenskip=\skip66
\chapterafterskip=\skip67
\sectionindent=\skip68
\sectionbeforeskip=\skip69
\sectionafterskip=\skip70
\subsectionindent=\skip71
\subsectionbeforeskip=\skip72
\subsectionafterskip=\skip73
\subsubsectionindent=\skip74
\subsubsectionbeforeskip=\skip75
\subsubsectionafterskip=\skip76
\paragraphindent=\skip77
\paragraphbeforeskip=\skip78
\paragraphafterskip=\skip79
\subparagraphindent=\skip80
\subparagraphbeforeskip=\skip81
\subparagraphafterskip=\skip82
(C:\Users\User\AppData\Local\Programs\MiKTeX\tex/latex/base\bk11.clo
File: bk11.clo 2024/06/29 v1.4n Standard LaTeX file (size option)
)
\headlinespace=\skip83
\titlemarginleft=\skip84
\titlemarginright=\skip85
\titlemargintop=\skip86
\titlemarginbottom=\skip87
\c@@oldsecnumdepth=\count198
\c@part=\count199
\c@chapter=\count266
\c@section=\count267
\c@subsection=\count268
\c@subsubsection=\count269
\c@paragraph=\count270
\c@subparagraph=\count271
\c@figure=\count272
\c@table=\count273
\abovecaptionskip=\skip88
\belowcaptionskip=\skip89
\bibindent=\dimen141
)
\@logocopywidth=\skip90
\@logocopyheight=\skip91
\@logowidth=\skip92
) (C:\Users\User\AppData\Local\Programs\MiKTeX\tex/latex/hyperref\hyperref.sty
Package: hyperref 2024-11-05 v7.01l Hypertext links for LaTeX
 (C:\Users\User\AppData\Local\Programs\MiKTeX\tex/generic/iftex\iftex.sty
Package: iftex 2022/02/03 v1.0f TeX engine tests
) (C:\Users\User\AppData\Local\Programs\MiKTeX\tex/latex/graphics\keyval.sty
Package: keyval 2022/05/29 v1.15 key=value parser (DPC)
\KV@toks@=\toks17
) (C:\Users\User\AppData\Local\Programs\MiKTeX\tex/latex/kvsetkeys\kvsetkeys.sty
Package: kvsetkeys 2022-10-05 v1.19 Key value parser (HO)
) (C:\Users\User\AppData\Local\Programs\MiKTeX\tex/generic/kvdefinekeys\kvdefinekeys.sty
Package: kvdefinekeys 2019-12-19 v1.6 Define keys (HO)
) (C:\Users\User\AppData\Local\Programs\MiKTeX\tex/generic/pdfescape\pdfescape.sty
Package: pdfescape 2019/12/09 v1.15 Implements pdfTeX's escape features (HO)
 (C:\Users\User\AppData\Local\Programs\MiKTeX\tex/generic/ltxcmds\ltxcmds.sty
Package: ltxcmds 2023-12-04 v1.26 LaTeX kernel commands for general use (HO)
) (C:\Users\User\AppData\Local\Programs\MiKTeX\tex/generic/pdftexcmds\pdftexcmds.sty
Package: pdftexcmds 2020-06-27 v0.33 Utility functions of pdfTeX for LuaTeX (HO)
 (C:\Users\User\AppData\Local\Programs\MiKTeX\tex/generic/infwarerr\infwarerr.sty
Package: infwarerr 2019/12/03 v1.5 Providing info/warning/error messages (HO)
)
Package pdftexcmds Info: \pdf@primitive is available.
Package pdftexcmds Info: \pdf@ifprimitive is available.
Package pdftexcmds Info: \pdfdraftmode found.
)) (C:\Users\User\AppData\Local\Programs\MiKTeX\tex/latex/hycolor\hycolor.sty
Package: hycolor 2020-01-27 v1.10 Color options for hyperref/bookmark (HO)
) (C:\Users\User\AppData\Local\Programs\MiKTeX\tex/latex/hyperref\nameref.sty
Package: nameref 2023-11-26 v2.56 Cross-referencing by name of section
 (C:\Users\User\AppData\Local\Programs\MiKTeX\tex/latex/refcount\refcount.sty
Package: refcount 2019/12/15 v3.6 Data extraction from label references (HO)
) (C:\Users\User\AppData\Local\Programs\MiKTeX\tex/generic/gettitlestring\gettitlestring.sty
Package: gettitlestring 2019/12/15 v1.6 Cleanup title references (HO)
 (C:\Users\User\AppData\Local\Programs\MiKTeX\tex/latex/kvoptions\kvoptions.sty
Package: kvoptions 2022-06-15 v3.15 Key value format for package options (HO)
))
\c@section@level=\count274
) (C:\Users\User\AppData\Local\Programs\MiKTeX\tex/latex/etoolbox\etoolbox.sty
Package: etoolbox 2020/10/05 v2.5k e-TeX tools for LaTeX (JAW)
\etb@tempcnta=\count275
) (C:\Users\User\AppData\Local\Programs\MiKTeX\tex/generic/stringenc\stringenc.sty
Package: stringenc 2019/11/29 v1.12 Convert strings between diff. encodings (HO)
)
\@linkdim=\dimen142
\Hy@linkcounter=\count276
\Hy@pagecounter=\count277
 (C:\Users\User\AppData\Local\Programs\MiKTeX\tex/latex/hyperref\pd1enc.def
File: pd1enc.def 2024-11-05 v7.01l Hyperref: PDFDocEncoding definition (HO)
Now handling font encoding PD1 ...
... no UTF-8 mapping file for font encoding PD1
) (C:\Users\User\AppData\Local\Programs\MiKTeX\tex/generic/intcalc\intcalc.sty
Package: intcalc 2019/12/15 v1.3 Expandable calculations with integers (HO)
)
\Hy@SavedSpaceFactor=\count278
 (C:\Users\User\AppData\Local\Programs\MiKTeX\tex/latex/hyperref\puenc.def
File: puenc.def 2024-11-05 v7.01l Hyperref: PDF Unicode definition (HO)
Now handling font encoding PU ...
... no UTF-8 mapping file for font encoding PU
)
Package hyperref Info: Option `unicode' set `true' on input line 4040.
Package hyperref Info: Option `linktocpage' set `true' on input line 4040.
Package hyperref Info: Hyper figures OFF on input line 4157.
Package hyperref Info: Link nesting OFF on input line 4162.
Package hyperref Info: Hyper index ON on input line 4165.
Package hyperref Info: Plain pages OFF on input line 4172.
Package hyperref Info: Backreferencing OFF on input line 4177.
Package hyperref Info: Implicit mode ON; LaTeX internals redefined.
Package hyperref Info: Bookmarks ON on input line 4424.
\c@Hy@tempcnt=\count279
 (C:\Users\User\AppData\Local\Programs\MiKTeX\tex/latex/url\url.sty
\Urlmuskip=\muskip17
Package: url 2013/09/16  ver 3.4  Verb mode for urls, etc.
)
LaTeX Info: Redefining \url on input line 4763.
\XeTeXLinkMargin=\dimen143
 (C:\Users\User\AppData\Local\Programs\MiKTeX\tex/generic/bitset\bitset.sty
Package: bitset 2019/12/09 v1.3 Handle bit-vector datatype (HO)
 (C:\Users\User\AppData\Local\Programs\MiKTeX\tex/generic/bigintcalc\bigintcalc.sty
Package: bigintcalc 2019/12/15 v1.5 Expandable calculations on big integers (HO)
))
\Fld@menulength=\count280
\Field@Width=\dimen144
\Fld@charsize=\dimen145
Package hyperref Info: Hyper figures OFF on input line 6042.
Package hyperref Info: Link nesting OFF on input line 6047.
Package hyperref Info: Hyper index ON on input line 6050.
Package hyperref Info: backreferencing OFF on input line 6057.
Package hyperref Info: Link coloring OFF on input line 6062.
Package hyperref Info: Link coloring with OCG OFF on input line 6067.
Package hyperref Info: PDF/A mode OFF on input line 6072.
 (C:\Users\User\AppData\Local\Programs\MiKTeX\tex/latex/base\atbegshi-ltx.sty
Package: atbegshi-ltx 2021/01/10 v1.0c Emulation of the original atbegshi
package with kernel methods
)
\Hy@abspage=\count281
\c@Item=\count282
\c@Hfootnote=\count283
)
Package hyperref Info: Driver (autodetected): hpdftex.
 (C:\Users\User\AppData\Local\Programs\MiKTeX\tex/latex/hyperref\hpdftex.def
File: hpdftex.def 2024-11-05 v7.01l Hyperref driver for pdfTeX
 (C:\Users\User\AppData\Local\Programs\MiKTeX\tex/latex/base\atveryend-ltx.sty
Package: atveryend-ltx 2020/08/19 v1.0a Emulation of the original atveryend package
with kernel methods
)
\Fld@listcount=\count284
\c@bookmark@seq@number=\count285
 (C:\Users\User\AppData\Local\Programs\MiKTeX\tex/latex/rerunfilecheck\rerunfilecheck.sty
Package: rerunfilecheck 2022-07-10 v1.10 Rerun checks for auxiliary files (HO)
 (C:\Users\User\AppData\Local\Programs\MiKTeX\tex/generic/uniquecounter\uniquecounter.sty
Package: uniquecounter 2019/12/15 v1.4 Provide unlimited unique counter (HO)
)
Package uniquecounter Info: New unique counter `rerunfilecheck' on input line 285.
)
\Hy@SectionHShift=\skip93
) (C:\Users\User\AppData\Local\Programs\MiKTeX\tex/latex/amsmath\amsmath.sty
Package: amsmath 2024/11/05 v2.17t AMS math features
\@mathmargin=\skip94

For additional information on amsmath, use the `?' option.
(C:\Users\User\AppData\Local\Programs\MiKTeX\tex/latex/amsmath\amstext.sty
Package: amstext 2021/08/26 v2.01 AMS text
 (C:\Users\User\AppData\Local\Programs\MiKTeX\tex/latex/amsmath\amsgen.sty
File: amsgen.sty 1999/11/30 v2.0 generic functions
\@emptytoks=\toks18
\ex@=\dimen146
)) (C:\Users\User\AppData\Local\Programs\MiKTeX\tex/latex/amsmath\amsbsy.sty
Package: amsbsy 1999/11/29 v1.2d Bold Symbols
\pmbraise@=\dimen147
) (C:\Users\User\AppData\Local\Programs\MiKTeX\tex/latex/amsmath\amsopn.sty
Package: amsopn 2022/04/08 v2.04 operator names
)
\inf@bad=\count286
LaTeX Info: Redefining \frac on input line 233.
\uproot@=\count287
\leftroot@=\count288
LaTeX Info: Redefining \overline on input line 398.
LaTeX Info: Redefining \colon on input line 409.
\classnum@=\count289
\DOTSCASE@=\count290
LaTeX Info: Redefining \ldots on input line 495.
LaTeX Info: Redefining \dots on input line 498.
LaTeX Info: Redefining \cdots on input line 619.
\Mathstrutbox@=\box52
\strutbox@=\box53
LaTeX Info: Redefining \big on input line 721.
LaTeX Info: Redefining \Big on input line 722.
LaTeX Info: Redefining \bigg on input line 723.
LaTeX Info: Redefining \Bigg on input line 724.
\big@size=\dimen148
LaTeX Font Info:    Redeclaring font encoding OML on input line 742.
LaTeX Font Info:    Redeclaring font encoding OMS on input line 743.
\macc@depth=\count291
LaTeX Info: Redefining \bmod on input line 904.
LaTeX Info: Redefining \pmod on input line 909.
LaTeX Info: Redefining \smash on input line 939.
LaTeX Info: Redefining \relbar on input line 969.
LaTeX Info: Redefining \Relbar on input line 970.
\c@MaxMatrixCols=\count292
\dotsspace@=\muskip18
\c@parentequation=\count293
\dspbrk@lvl=\count294
\tag@help=\toks19
\row@=\count295
\column@=\count296
\maxfields@=\count297
\andhelp@=\toks20
\eqnshift@=\dimen149
\alignsep@=\dimen150
\tagshift@=\dimen151
\tagwidth@=\dimen152
\totwidth@=\dimen153
\lineht@=\dimen154
\@envbody=\toks21
\multlinegap=\skip95
\multlinetaggap=\skip96
\mathdisplay@stack=\toks22
LaTeX Info: Redefining \[ on input line 2953.
LaTeX Info: Redefining \] on input line 2954.
) (C:\Users\User\AppData\Local\Programs\MiKTeX\tex/latex/amsfonts\amsfonts.sty
Package: amsfonts 2013/01/14 v3.01 Basic AMSFonts support
\symAMSa=\mathgroup4
\symAMSb=\mathgroup5
LaTeX Font Info:    Redeclaring math symbol \hbar on input line 98.
LaTeX Font Info:    Overwriting math alphabet `\mathfrak' in version `bold'
(Font)                  U/euf/m/n --> U/euf/b/n on input line 106.
) (C:\Users\User\AppData\Local\Programs\MiKTeX\tex/latex/amsfonts\amssymb.sty
Package: amssymb 2013/01/14 v3.01 AMS font symbols
) (C:\Users\User\AppData\Local\Programs\MiKTeX\tex/latex/graphics\graphicx.sty
Package: graphicx 2021/09/16 v1.2d Enhanced LaTeX Graphics (DPC,SPQR)
 (C:\Users\User\AppData\Local\Programs\MiKTeX\tex/latex/graphics\graphics.sty
Package: graphics 2024/08/06 v1.4g Standard LaTeX Graphics (DPC,SPQR)
 (C:\Users\User\AppData\Local\Programs\MiKTeX\tex/latex/graphics\trig.sty
Package: trig 2023/12/02 v1.11 sin cos tan (DPC)
) (C:\Users\User\AppData\Local\Programs\MiKTeX\tex/latex/graphics-cfg\graphics.cfg
File: graphics.cfg 2016/06/04 v1.11 sample graphics configuration
)
Package graphics Info: Driver file: pdftex.def on input line 106.
 (C:\Users\User\AppData\Local\Programs\MiKTeX\tex/latex/graphics-def\pdftex.def
File: pdftex.def 2024/04/13 v1.2c Graphics/color driver for pdftex
))
\Gin@req@height=\dimen155
\Gin@req@width=\dimen156
) (C:\Users\User\AppData\Local\Programs\MiKTeX\tex/latex/tools\afterpage.sty
Package: afterpage 2023/07/04 v1.08 After-Page Package (DPC)
\AP@output=\toks23
\AP@partial=\box54
\AP@footins=\box55
) (C:\Users\User\AppData\Local\Programs\MiKTeX\tex/latex/float\float.sty
Package: float 2001/11/08 v1.3d Float enhancements (AL)
\c@float@type=\count298
\float@exts=\toks24
\float@box=\box56
\@float@everytoks=\toks25
\@floatcapt=\box57
) (C:\Users\User\AppData\Local\Programs\MiKTeX\tex/latex/tools\longtable.sty
Package: longtable 2024-10-27 v4.22 Multi-page Table package (DPC)
\LTleft=\skip97
\LTright=\skip98
\LTpre=\skip99
\LTpost=\skip100
\LTchunksize=\count299
\LTcapwidth=\dimen157
\LT@head=\box58
\LT@firsthead=\box59
\LT@foot=\box60
\LT@lastfoot=\box61
\LT@gbox=\box62
\LT@cols=\count300
\LT@rows=\count301
\c@LT@tables=\count302
\c@LT@chunks=\count303
\LT@p@ftn=\toks26
) (C:\Users\User\AppData\Local\Programs\MiKTeX\tex/latex/pdflscape\pdflscape.sty
Package: pdflscape 2022-10-27 v0.13 Display of landscape pages in PDF
 (C:\Users\User\AppData\Local\Programs\MiKTeX\tex/latex/pdflscape\pdflscape-nometadata.sty
Package: pdflscape-nometadata 2022-10-28 v0.13 Display of landscape pages in PDF (HO)
 (C:\Users\User\AppData\Local\Programs\MiKTeX\tex/latex/graphics\lscape.sty
Package: lscape 2020/05/28 v3.02 Landscape Pages (DPC)
)
Package pdflscape Info: Auto-detected driver: pdftex on input line 81.
)) (C:\Users\User\AppData\Local\Programs\MiKTeX\tex/latex/natbib\natbib.sty
Package: natbib 2010/09/13 8.31b (PWD, AO)
\bibhang=\skip101
\bibsep=\skip102
LaTeX Info: Redefining \cite on input line 694.
\c@NAT@ctr=\count304
) (C:\Users\User\AppData\Local\Programs\MiKTeX\tex/latex/psfrag\psfrag.sty
Package: psfrag 1998/04/11 v3.04 PSfrag (MCG)
\pfg@pcount=\count305
\pfg@scount=\count306
\pfg@temp=\write3
) (C:\Users\User\AppData\Local\Programs\MiKTeX\tex/latex/parskip\parskip.sty
Package: parskip 2021-03-14 v2.0h non-zero parskip adjustments
) (C:\Users\User\AppData\Local\Programs\MiKTeX\tex/latex/caption\subcaption.sty
Package: subcaption 2023/07/28 v1.6b Sub-captions (AR)
 (C:\Users\User\AppData\Local\Programs\MiKTeX\tex/latex/caption\caption.sty
Package: caption 2023/08/05 v3.6o Customizing captions (AR)
 (C:\Users\User\AppData\Local\Programs\MiKTeX\tex/latex/caption\caption3.sty
Package: caption3 2023/07/31 v2.4d caption3 kernel (AR)
\caption@tempdima=\dimen158
\captionmargin=\dimen159
\caption@leftmargin=\dimen160
\caption@rightmargin=\dimen161
\caption@width=\dimen162
\caption@indent=\dimen163
\caption@parindent=\dimen164
\caption@hangindent=\dimen165
Package caption Info: Unknown document class (or package),
(caption)             standard defaults will be used.
Package caption Info: \@makecaption = \long macro:#1#2->\vskip \abovecaptionskip \sbox \@tempboxa {{\captionheaderfont #1:} {\captionbodyfont #2}}\ifdim \wd \@tempboxa >\hsize \if@hangingcaptions \@hangfrom {\captionheaderfont #1: }{\captionbodyfont #2\par }\else {\captionheaderfont #1: }{\captionbodyfont #2\par }\fi \else \global \@minipagefalse \hb@xt@ \hsize {\hfil \box \@tempboxa \hfil }\fi \vskip \belowcaptionskip  on input line 1175.
)

Package caption Warning: Unknown document class (or package),
(caption)                standard defaults will be used.
See the caption package documentation for explanation.

\c@caption@flags=\count307
\c@continuedfloat=\count308
Package caption Info: float package is loaded.
Package caption Info: hyperref package is loaded.
Package caption Info: longtable package is loaded.
(C:\Users\User\AppData\Local\Programs\MiKTeX\tex/latex/caption\ltcaption.sty
Package: ltcaption 2021/01/08 v1.4c longtable captions (AR)
))
Package caption Info: New subtype `subfigure' on input line 238.
\c@subfigure=\count309
Package caption Info: New subtype `subtable' on input line 238.
\c@subtable=\count310
) (C:\Users\User\AppData\Local\Programs\MiKTeX\tex/latex/lipsum\lipsum.sty (C:\Users\User\AppData\Local\Programs\MiKTeX\tex/latex/l3packages/l3keys2e\l3keys2e.sty (C:\Users\User\AppData\Local\Programs\MiKTeX\tex/latex/l3kernel\expl3.sty
Package: expl3 2024-11-02 L3 programming layer (loader) 
 (C:\Users\User\AppData\Local\Programs\MiKTeX\tex/latex/l3backend\l3backend-pdftex.def
File: l3backend-pdftex.def 2024-05-08 L3 backend support: PDF output (pdfTeX)
\l__color_backend_stack_int=\count311
\l__pdf_internal_box=\box63
))
Package: l3keys2e 2024-08-16 LaTeX2e option processing using LaTeX3 keys
)
Package: lipsum 2021-09-20 v2.7 150 paragraphs of Lorem Ipsum dummy text
\g__lipsum_par_int=\count312
\l__lipsum_a_int=\count313
\l__lipsum_b_int=\count314
 (C:\Users\User\AppData\Local\Programs\MiKTeX\tex/latex/lipsum\lipsum.ltd.tex))
\@float@every@Program=\toks27
\c@Program=\count315
 (CPEN499_Thesis_Report.aux (admin_chapters/committee_page/committee_page.aux) (admin_chapters/lay_summary/lay_summary.aux) (admin_chapters/preface/preface.aux) (admin_chapters/list_of_abbreviations/list_of_abbreviations.aux) (admin_chapters/acknowledgements/acknowledgements.aux) (body_chapters/chap_1/chap_1.aux) (body_chapters/chap_2/chap_2.aux) (body_chapters/chap_3/chap_3.aux) (body_chapters/chap_4/chap_4.aux) (body_chapters/chap_5/chap_5.aux) (body_chapters/chap_6/chap_6.aux) (body_chapters/chap_a1/chap_a1.aux) (body_chapters/chap_a2/chap_a2.aux))
\openout1 = `CPEN499_Thesis_Report.aux'.

LaTeX Font Info:    Checking defaults for OML/cmm/m/it on input line 103.
LaTeX Font Info:    ... okay on input line 103.
LaTeX Font Info:    Checking defaults for OMS/cmsy/m/n on input line 103.
LaTeX Font Info:    ... okay on input line 103.
LaTeX Font Info:    Checking defaults for OT1/cmr/m/n on input line 103.
LaTeX Font Info:    ... okay on input line 103.
LaTeX Font Info:    Checking defaults for T1/cmr/m/n on input line 103.
LaTeX Font Info:    ... okay on input line 103.
LaTeX Font Info:    Checking defaults for TS1/cmr/m/n on input line 103.
LaTeX Font Info:    ... okay on input line 103.
LaTeX Font Info:    Checking defaults for OMX/cmex/m/n on input line 103.
LaTeX Font Info:    ... okay on input line 103.
LaTeX Font Info:    Checking defaults for U/cmr/m/n on input line 103.
LaTeX Font Info:    ... okay on input line 103.
LaTeX Font Info:    Checking defaults for PD1/pdf/m/n on input line 103.
LaTeX Font Info:    ... okay on input line 103.
LaTeX Font Info:    Checking defaults for PU/pdf/m/n on input line 103.
LaTeX Font Info:    ... okay on input line 103.
Package hyperref Info: Link coloring OFF on input line 103.
 (CPEN499_Thesis_Report.out) (CPEN499_Thesis_Report.out)
\@outlinefile=\write4
\openout4 = `CPEN499_Thesis_Report.out'.

 (C:\Users\User\AppData\Local\Programs\MiKTeX\tex/context/base/mkii\supp-pdf.mkii
[Loading MPS to PDF converter (version 2006.09.02).]
\scratchcounter=\count316
\scratchdimen=\dimen166
\scratchbox=\box64
\nofMPsegments=\count317
\nofMParguments=\count318
\everyMPshowfont=\toks28
\MPscratchCnt=\count319
\MPscratchDim=\dimen167
\MPnumerator=\count320
\makeMPintoPDFobject=\count321
\everyMPtoPDFconversion=\toks29
) (C:\Users\User\AppData\Local\Programs\MiKTeX\tex/latex/epstopdf-pkg\epstopdf-base.sty
Package: epstopdf-base 2020-01-24 v2.11 Base part for package epstopdf
Package epstopdf-base Info: Redefining graphics rule for `.eps' on input line 485.
 (C:\Users\User\AppData\Local\Programs\MiKTeX\tex/latex/00miktex\epstopdf-sys.cfg
File: epstopdf-sys.cfg 2021/03/18 v2.0 Configuration of epstopdf for MiKTeX
))
Package caption Info: Begin \AtBeginDocument code.
Package caption Info: End \AtBeginDocument code.


[1
Non-PDF special ignored!
<special> header=psfrag.pro


{C:/Users/User/AppData/Local/MiKTeX/fonts/map/pdftex/pdftex.map}]
\openout2 = `admin_chapters/committee_page/committee_page.aux'.

 (admin_chapters/committee_page/committee_page.tex)

[2



]
LaTeX Font Info:    Trying to load font information for U+msa on input line 127.
 (C:\Users\User\AppData\Local\Programs\MiKTeX\tex/latex/amsfonts\umsa.fd
File: umsa.fd 2013/01/14 v3.01 AMS symbols A
)
LaTeX Font Info:    Trying to load font information for U+msb on input line 127.
 (C:\Users\User\AppData\Local\Programs\MiKTeX\tex/latex/amsfonts\umsb.fd
File: umsb.fd 2013/01/14 v3.01 AMS symbols B
)

[3



]
\openout2 = `admin_chapters/lay_summary/lay_summary.aux'.

 (admin_chapters/lay_summary/lay_summary.tex)

[4



]
\openout2 = `admin_chapters/preface/preface.aux'.

 (admin_chapters/preface/preface.tex)

[5




] (CPEN499_Thesis_Report.toc

[6



])
\tf@toc=\write5
\openout5 = `CPEN499_Thesis_Report.toc'.



[7] (CPEN499_Thesis_Report.lof)
\tf@lof=\write6
\openout6 = `CPEN499_Thesis_Report.lof'.



[8

]
\openout2 = `admin_chapters/list_of_abbreviations/list_of_abbreviations.aux'.

 (admin_chapters/list_of_abbreviations/list_of_abbreviations.tex)

[9


]
\openout2 = `admin_chapters/acknowledgements/acknowledgements.aux'.

 (admin_chapters/acknowledgements/acknowledgements.tex)

[10




]
\openout2 = `body_chapters/chap_1/chap_1.aux'.

 (body_chapters/chap_1/chap_1.tex
Chapter 1.
<body_chapters/chap_1/figs/Bus-NoC.png, id=276, 464.73625pt x 251.94125pt>
File: body_chapters/chap_1/figs/Bus-NoC.png Graphic file (type png)
<use body_chapters/chap_1/figs/Bus-NoC.png>
Package pdftex.def Info: body_chapters/chap_1/figs/Bus-NoC.png  used on input line 9.
(pdftex.def)             Requested size: 288.0011pt x 156.13275pt.


[1





]
<body_chapters/chap_1/figs/2x2NoCFailure.png, id=294, 364.36125pt x 337.26pt>
File: body_chapters/chap_1/figs/2x2NoCFailure.png Graphic file (type png)
<use body_chapters/chap_1/figs/2x2NoCFailure.png>
Package pdftex.def Info: body_chapters/chap_1/figs/2x2NoCFailure.png  used on input line 19.
(pdftex.def)             Requested size: 288.0011pt x 266.58685pt.


[2 <./body_chapters/chap_1/figs/Bus-NoC.png>]

[3 <./body_chapters/chap_1/figs/2x2NoCFailure.png>]
<body_chapters/chap_1/figs/routing.png, id=325, 330.23375pt x 172.645pt>
File: body_chapters/chap_1/figs/routing.png Graphic file (type png)
<use body_chapters/chap_1/figs/routing.png>
Package pdftex.def Info: body_chapters/chap_1/figs/routing.png  used on input line 31.
(pdftex.def)             Requested size: 288.0011pt x 150.57137pt.


[4 <./body_chapters/chap_1/figs/routing.png>]

[5])

[6]
\openout2 = `body_chapters/chap_2/chap_2.aux'.

 (body_chapters/chap_2/chap_2.tex
Chapter 2.


[7




]

[8]

[9]

[10]

[11]

[12]

[13]

[14])

[15]
\openout2 = `body_chapters/chap_3/chap_3.aux'.

 (body_chapters/chap_3/chap_3.tex
Chapter 3.

Overfull \hbox (2.23248pt too wide) in paragraph at lines 3--4
\OT1/cmr/m/n/10.95 This sec-tion presents the system-level mod-el-ing frame-work and de-sign choices
 []



[16




]

[17]
<body_chapters/chap_3/figs/process_variation_map.png, id=505, 886.0302pt x 406.6392pt>
File: body_chapters/chap_3/figs/process_variation_map.png Graphic file (type png)
<use body_chapters/chap_3/figs/process_variation_map.png>
Package pdftex.def Info: body_chapters/chap_3/figs/process_variation_map.png  used on input line 57.
(pdftex.def)             Requested size: 360.0pt x 165.22159pt.


[18 <./body_chapters/chap_3/figs/process_variation_map.png>]

[19]
<body_chapters/chap_3/figs/temperature_map.png, id=528, 475.0548pt x 429.2838pt>
File: body_chapters/chap_3/figs/temperature_map.png Graphic file (type png)
<use body_chapters/chap_3/figs/temperature_map.png>
Package pdftex.def Info: body_chapters/chap_3/figs/temperature_map.png  used on input line 92.
(pdftex.def)             Requested size: 341.9989pt x 309.05789pt.


[20]

[21 <./body_chapters/chap_3/figs/temperature_map.png>]

[22]

[23]

[24]
<body_chapters/chap_3/figs/RL.png, id=588, 491.8375pt x 282.05376pt>
File: body_chapters/chap_3/figs/RL.png Graphic file (type png)
<use body_chapters/chap_3/figs/RL.png>
Package pdftex.def Info: body_chapters/chap_3/figs/RL.png  used on input line 192.
(pdftex.def)             Requested size: 251.9989pt x 144.51259pt.


[25]

[26 <./body_chapters/chap_3/figs/RL.png>]

[27]

[28]

[29]
<body_chapters/chap_3/figs/router.png, id=645, 583.17876pt x 238.8925pt>
File: body_chapters/chap_3/figs/router.png Graphic file (type png)
<use body_chapters/chap_3/figs/router.png>
Package pdftex.def Info: body_chapters/chap_3/figs/router.png  used on input line 331.
(pdftex.def)             Requested size: 341.9989pt x 140.09966pt.


[30 <./body_chapters/chap_3/figs/router.png>]
<body_chapters/chap_3/figs/deadlock.png, id=661, 642.4pt x 582.175pt>
File: body_chapters/chap_3/figs/deadlock.png Graphic file (type png)
<use body_chapters/chap_3/figs/deadlock.png>
Package pdftex.def Info: body_chapters/chap_3/figs/deadlock.png  used on input line 344.
(pdftex.def)             Requested size: 341.9989pt x 309.94595pt.


[31 <./body_chapters/chap_3/figs/deadlock.png>])

[32]
\openout2 = `body_chapters/chap_4/chap_4.aux'.

 (body_chapters/chap_4/chap_4.tex
Chapter 4.

Overfull \hbox (9.97125pt too wide) in paragraph at lines 9--10
\OT1/cmr/m/n/10.95 rout-ing (DOR) [[]], the Clotho-GAR rout-ing ap-proach pro-posed by Vitkovskiy
 []



[33




]

[34]
<body_chapters/chap_4/figs/af_weak10_bar_links.png, id=704, 786.2976pt x 351.714pt>
File: body_chapters/chap_4/figs/af_weak10_bar_links.png Graphic file (type png)
<use body_chapters/chap_4/figs/af_weak10_bar_links.png>
Package pdftex.def Info: body_chapters/chap_4/figs/af_weak10_bar_links.png  used on input line 35.
(pdftex.def)             Requested size: 360.0pt x 161.02834pt.
<body_chapters/chap_4/figs/af_weak10_bar_routers.png, id=705, 786.2976pt x 351.714pt>
File: body_chapters/chap_4/figs/af_weak10_bar_routers.png Graphic file (type png)
<use body_chapters/chap_4/figs/af_weak10_bar_routers.png>
Package pdftex.def Info: body_chapters/chap_4/figs/af_weak10_bar_routers.png  used on input line 42.
(pdftex.def)             Requested size: 360.0pt x 161.02834pt.


[35 <./body_chapters/chap_4/figs/af_weak10_bar_links.png>]
Overfull \hbox (1.91815pt too wide) in paragraph at lines 53--54
[]\OT1/cmr/m/n/10.95 These re-sults high-light a key dis-tinc-tion be-tween the two ap-proaches. Clotho,
 []



[36 <./body_chapters/chap_4/figs/af_weak10_bar_routers.png>]

[37]
<body_chapters/chap_4/figs/latency_transpose.png, id=728, 498.663pt x 316.5426pt>
File: body_chapters/chap_4/figs/latency_transpose.png Graphic file (type png)
<use body_chapters/chap_4/figs/latency_transpose.png>
Package pdftex.def Info: body_chapters/chap_4/figs/latency_transpose.png  used on input line 76.
(pdftex.def)             Requested size: 288.0011pt x 182.8172pt.
<body_chapters/chap_4/figs/latency_bit_reverse.png, id=729, 498.663pt x 316.5426pt>
File: body_chapters/chap_4/figs/latency_bit_reverse.png Graphic file (type png)
<use body_chapters/chap_4/figs/latency_bit_reverse.png>
Package pdftex.def Info: body_chapters/chap_4/figs/latency_bit_reverse.png  used on input line 83.
(pdftex.def)             Requested size: 288.0011pt x 182.8172pt.
<body_chapters/chap_4/figs/latency_bit_rotation.png, id=730, 498.663pt x 316.5426pt>
File: body_chapters/chap_4/figs/latency_bit_rotation.png Graphic file (type png)
<use body_chapters/chap_4/figs/latency_bit_rotation.png>
Package pdftex.def Info: body_chapters/chap_4/figs/latency_bit_rotation.png  used on input line 93.
(pdftex.def)             Requested size: 288.0011pt x 182.8172pt.
<body_chapters/chap_4/figs/latency_uniform.png, id=731, 498.663pt x 316.5426pt>
File: body_chapters/chap_4/figs/latency_uniform.png Graphic file (type png)
<use body_chapters/chap_4/figs/latency_uniform.png>
Package pdftex.def Info: body_chapters/chap_4/figs/latency_uniform.png  used on input line 103.
(pdftex.def)             Requested size: 288.0011pt x 182.8172pt.
<body_chapters/chap_4/figs/latency_shuffle.png, id=732, 498.663pt x 316.5426pt>
File: body_chapters/chap_4/figs/latency_shuffle.png Graphic file (type png)
<use body_chapters/chap_4/figs/latency_shuffle.png>
Package pdftex.def Info: body_chapters/chap_4/figs/latency_shuffle.png  used on input line 110.
(pdftex.def)             Requested size: 288.0011pt x 182.8172pt.
<body_chapters/chap_4/figs/latency_tornado.png, id=733, 498.663pt x 316.5426pt>
File: body_chapters/chap_4/figs/latency_tornado.png Graphic file (type png)
<use body_chapters/chap_4/figs/latency_tornado.png>
Package pdftex.def Info: body_chapters/chap_4/figs/latency_tornado.png  used on input line 122.
(pdftex.def)             Requested size: 288.0011pt x 182.8172pt.
<body_chapters/chap_4/figs/latency_neighbor.png, id=734, 498.663pt x 316.5426pt>
File: body_chapters/chap_4/figs/latency_neighbor.png Graphic file (type png)
<use body_chapters/chap_4/figs/latency_neighbor.png>
Package pdftex.def Info: body_chapters/chap_4/figs/latency_neighbor.png  used on input line 129.
(pdftex.def)             Requested size: 288.0011pt x 182.8172pt.
)

[38]

[39 <./body_chapters/chap_4/figs/latency_transpose.png> <./body_chapters/chap_4/figs/latency_bit_reverse.png>]

[40 <./body_chapters/chap_4/figs/latency_bit_rotation.png>]

[41 <./body_chapters/chap_4/figs/latency_uniform.png> <./body_chapters/chap_4/figs/latency_shuffle.png>]

[42 <./body_chapters/chap_4/figs/latency_tornado.png> <./body_chapters/chap_4/figs/latency_neighbor.png>]
\openout2 = `body_chapters/chap_5/chap_5.aux'.

 (body_chapters/chap_5/chap_5.tex
Chapter 5.


[43




])

[44]
\openout2 = `body_chapters/chap_6/chap_6.aux'.

 (body_chapters/chap_6/chap_6.tex
Chapter 6.
)

[45




] (CPEN499_Thesis_Report.bbl

[46



]

[47]

[48]

[49]

[50]

[51])

[52]
\openout2 = `body_chapters/chap_a1/chap_a1.aux'.

 (body_chapters/chap_a1/chap_a1.tex
Appendix A.
<body_chapters/chap_a1/figs/uniform.png, id=818, 860.013pt x 321.8424pt>
File: body_chapters/chap_a1/figs/uniform.png Graphic file (type png)
<use body_chapters/chap_a1/figs/uniform.png>
Package pdftex.def Info: body_chapters/chap_a1/figs/uniform.png  used on input line 8.
(pdftex.def)             Requested size: 360.0pt x 134.72107pt.
<body_chapters/chap_a1/figs/shuffle.png, id=819, 859.0494pt x 321.8424pt>
File: body_chapters/chap_a1/figs/shuffle.png Graphic file (type png)
<use body_chapters/chap_a1/figs/shuffle.png>
Package pdftex.def Info: body_chapters/chap_a1/figs/shuffle.png  used on input line 16.
(pdftex.def)             Requested size: 360.0pt x 134.87332pt.
<body_chapters/chap_a1/figs/transpose.png, id=820, 859.0494pt x 321.8424pt>
File: body_chapters/chap_a1/figs/transpose.png Graphic file (type png)
<use body_chapters/chap_a1/figs/transpose.png>
Package pdftex.def Info: body_chapters/chap_a1/figs/transpose.png  used on input line 24.
(pdftex.def)             Requested size: 360.0pt x 134.87332pt.
<body_chapters/chap_a1/figs/bit_reverse.png, id=821, 859.0494pt x 321.8424pt>
File: body_chapters/chap_a1/figs/bit_reverse.png Graphic file (type png)
<use body_chapters/chap_a1/figs/bit_reverse.png>
Package pdftex.def Info: body_chapters/chap_a1/figs/bit_reverse.png  used on input line 32.
(pdftex.def)             Requested size: 360.0pt x 134.87332pt.
<body_chapters/chap_a1/figs/bit_rotation.png, id=822, 859.0494pt x 321.8424pt>
File: body_chapters/chap_a1/figs/bit_rotation.png Graphic file (type png)
<use body_chapters/chap_a1/figs/bit_rotation.png>
Package pdftex.def Info: body_chapters/chap_a1/figs/bit_rotation.png  used on input line 40.
(pdftex.def)             Requested size: 360.0pt x 134.87332pt.
<body_chapters/chap_a1/figs/neighbor.png, id=823, 860.013pt x 321.8424pt>
File: body_chapters/chap_a1/figs/neighbor.png Graphic file (type png)
<use body_chapters/chap_a1/figs/neighbor.png>
Package pdftex.def Info: body_chapters/chap_a1/figs/neighbor.png  used on input line 48.
(pdftex.def)             Requested size: 360.0pt x 134.72107pt.
<body_chapters/chap_a1/figs/tornado.png, id=824, 859.0494pt x 321.8424pt>
File: body_chapters/chap_a1/figs/tornado.png Graphic file (type png)
<use body_chapters/chap_a1/figs/tornado.png>
Package pdftex.def Info: body_chapters/chap_a1/figs/tornado.png  used on input line 56.
(pdftex.def)             Requested size: 360.0pt x 134.87332pt.
)

[53



 <./body_chapters/chap_a1/figs/uniform.png> <./body_chapters/chap_a1/figs/shuffle.png>]

[54 <./body_chapters/chap_a1/figs/transpose.png> <./body_chapters/chap_a1/figs/bit_reverse.png> <./body_chapters/chap_a1/figs/bit_rotation.png>]

[55 <./body_chapters/chap_a1/figs/neighbor.png> <./body_chapters/chap_a1/figs/tornado.png>]
\openout2 = `body_chapters/chap_a2/chap_a2.aux'.

 (body_chapters/chap_a2/chap_a2.tex
Appendix B.
)
Overfull \hbox (15.53313pt too wide) in paragraph at lines 5--165
\OT1/cmr/m/n/10.95 low-ing GitHub repos-i-tory: []$\OT1/cmtt/m/n/10.95 https : / / github . com / IshraqF / CPEN-[]499-[]Thesis .
 []



[56




] (CPEN499_Thesis_Report.aux (admin_chapters/committee_page/committee_page.aux) (admin_chapters/lay_summary/lay_summary.aux) (admin_chapters/preface/preface.aux) (admin_chapters/list_of_abbreviations/list_of_abbreviations.aux) (admin_chapters/acknowledgements/acknowledgements.aux) (body_chapters/chap_1/chap_1.aux) (body_chapters/chap_2/chap_2.aux) (body_chapters/chap_3/chap_3.aux) (body_chapters/chap_4/chap_4.aux) (body_chapters/chap_5/chap_5.aux) (body_chapters/chap_6/chap_6.aux) (body_chapters/chap_a1/chap_a1.aux) (body_chapters/chap_a2/chap_a2.aux))
 ***********
LaTeX2e <2024-11-01>
L3 programming layer <2024-11-02>
 ***********
Package rerunfilecheck Info: File `CPEN499_Thesis_Report.out' has not changed.
(rerunfilecheck)             Checksum: 2EA3CACCFAE1F229A91DB73B15C1B85F;5789.
 ) 
Here is how much of TeX's memory you used:
 13728 strings out of 473682
 242373 string characters out of 5719692
 693069 words of memory out of 5000000
 36296 multiletter control sequences out of 15000+600000
 566655 words of font info for 67 fonts, out of 8000000 for 9000
 1141 hyphenation exceptions out of 8191
 79i,10n,93p,2157b,733s stack positions out of 10000i,1000n,20000p,200000b,200000s
 <C:\Users\User\AppData\Local\MiKTeX\fonts/pk/ljfour/jknappen/ec/dpi600\tcrm1095.pk><C:/Users/User/AppData/Local/Programs/MiKTeX/fonts/type1/public/amsfonts/cm/cmbx10.pfb><C:/Users/User/AppData/Local/Programs/MiKTeX/fonts/type1/public/amsfonts/cm/cmbx12.pfb><C:/Users/User/AppData/Local/Programs/MiKTeX/fonts/type1/public/amsfonts/cm/cmex10.pfb><C:/Users/User/AppData/Local/Programs/MiKTeX/fonts/type1/public/amsfonts/cm/cmmi10.pfb><C:/Users/User/AppData/Local/Programs/MiKTeX/fonts/type1/public/amsfonts/cm/cmmi6.pfb><C:/Users/User/AppData/Local/Programs/MiKTeX/fonts/type1/public/amsfonts/cm/cmmi8.pfb><C:/Users/User/AppData/Local/Programs/MiKTeX/fonts/type1/public/amsfonts/cm/cmr10.pfb><C:/Users/User/AppData/Local/Programs/MiKTeX/fonts/type1/public/amsfonts/cm/cmr6.pfb><C:/Users/User/AppData/Local/Programs/MiKTeX/fonts/type1/public/amsfonts/cm/cmr8.pfb><C:/Users/User/AppData/Local/Programs/MiKTeX/fonts/type1/public/amsfonts/cm/cmsl10.pfb><C:/Users/User/AppData/Local/Programs/MiKTeX/fonts/type1/public/amsfonts/cm/cmsy10.pfb><C:/Users/User/AppData/Local/Programs/MiKTeX/fonts/type1/public/amsfonts/cm/cmsy6.pfb><C:/Users/User/AppData/Local/Programs/MiKTeX/fonts/type1/public/amsfonts/cm/cmsy8.pfb><C:/Users/User/AppData/Local/Programs/MiKTeX/fonts/type1/public/amsfonts/cm/cmti10.pfb><C:/Users/User/AppData/Local/Programs/MiKTeX/fonts/type1/public/amsfonts/cm/cmtt10.pfb>
Output written on CPEN499_Thesis_Report.pdf (66 pages, 1694732 bytes).
PDF statistics:
 970 PDF objects out of 1000 (max. 8388607)
 223 named destinations out of 1000 (max. 500000)
 401 words of extra memory for PDF output out of 10000 (max. 10000000)

