This is pdfTeX, Version 3.141592653-2.6-1.40.26 (TeX Live 2024) (preloaded format=pdflatex 2024.9.30)  9 APR 2026 12:12
entering extended mode
 \write18 enabled.
 file:line:error style messages enabled.
 %&-line parsing enabled.
**"/Users/farhanishraq/Documents/UBC/Sixth Year/CPEN 499/Thesis Report/main.tex"
(/Users/farhanishraq/Documents/UBC/Sixth Year/CPEN 499/Thesis Report/main.tex
LaTeX2e <2023-11-01> patch level 1
L3 programming layer <2024-02-20>
(./ubcthesis.cls
Document Class: ubcthesis 2015/05/31 v1.72 
 University of British Columbia Thesis Class
(./genthesis.cls
Document Class: genthesis 2015/05/31 v1.72 
 University of British Columbia Thesis Class
\hours=\count188
\minutes=\count189
\UBCT@oldtextwidth=\skip48
\UBCT@oldtextheight=\skip49
\UBCT@oldoddsidemargin=\skip50
\UBCT@oldevensidemargin=\skip51
\UBCT@oldtopmargin=\skip52
\UBCT@oldtopskip=\skip53
\UBCT@old@colht=\skip54
\UBCT@old@colroom=\skip55
\UBCT@oldvsize=\skip56
\UBCT@oldcolumnwidth=\skip57
\UBCT@oldhsize=\skip58
\UBCT@oldlinewidth=\skip59
\UBCT@oldparindent=\skip60
\UBCT@oldmarginparsep=\skip61
\UBCT@oldmarginparwidth=\skip62
\partbetweenskip=\skip63
\chapterbeforeskip=\skip64
\chapterbetweenskip=\skip65
\chapterafterskip=\skip66
\sectionindent=\skip67
\sectionbeforeskip=\skip68
\sectionafterskip=\skip69
\subsectionindent=\skip70
\subsectionbeforeskip=\skip71
\subsectionafterskip=\skip72
\subsubsectionindent=\skip73
\subsubsectionbeforeskip=\skip74
\subsubsectionafterskip=\skip75
\paragraphindent=\skip76
\paragraphbeforeskip=\skip77
\paragraphafterskip=\skip78
\subparagraphindent=\skip79
\subparagraphbeforeskip=\skip80
\subparagraphafterskip=\skip81
(/usr/local/texlive/2024/texmf-dist/tex/latex/base/bk11.clo
File: bk11.clo 2023/05/17 v1.4n Standard LaTeX file (size option)
)
\headlinespace=\skip82
\titlemarginleft=\skip83
\titlemarginright=\skip84
\titlemargintop=\skip85
\titlemarginbottom=\skip86
\c@@oldsecnumdepth=\count190
\c@part=\count191
\c@chapter=\count192
\c@section=\count193
\c@subsection=\count194
\c@subsubsection=\count195
\c@paragraph=\count196
\c@subparagraph=\count197
\c@figure=\count198
\c@table=\count199
\abovecaptionskip=\skip87
\belowcaptionskip=\skip88
\bibindent=\dimen140
)
\@logocopywidth=\skip89
\@logocopyheight=\skip90
\@logowidth=\skip91
) (/usr/local/texlive/2024/texmf-dist/tex/latex/hyperref/hyperref.sty
Package: hyperref 2024-01-20 v7.01h Hypertext links for LaTeX
 (/usr/local/texlive/2024/texmf-dist/tex/generic/iftex/iftex.sty
Package: iftex 2022/02/03 v1.0f TeX engine tests
) (/usr/local/texlive/2024/texmf-dist/tex/latex/graphics/keyval.sty
Package: keyval 2022/05/29 v1.15 key=value parser (DPC)
\KV@toks@=\toks17
) (/usr/local/texlive/2024/texmf-dist/tex/latex/kvsetkeys/kvsetkeys.sty
Package: kvsetkeys 2022-10-05 v1.19 Key value parser (HO)
) (/usr/local/texlive/2024/texmf-dist/tex/generic/kvdefinekeys/kvdefinekeys.sty
Package: kvdefinekeys 2019-12-19 v1.6 Define keys (HO)
) (/usr/local/texlive/2024/texmf-dist/tex/generic/pdfescape/pdfescape.sty
Package: pdfescape 2019/12/09 v1.15 Implements pdfTeX's escape features (HO)
 (/usr/local/texlive/2024/texmf-dist/tex/generic/ltxcmds/ltxcmds.sty
Package: ltxcmds 2023-12-04 v1.26 LaTeX kernel commands for general use (HO)
) (/usr/local/texlive/2024/texmf-dist/tex/generic/pdftexcmds/pdftexcmds.sty
Package: pdftexcmds 2020-06-27 v0.33 Utility functions of pdfTeX for LuaTeX (HO)
 (/usr/local/texlive/2024/texmf-dist/tex/generic/infwarerr/infwarerr.sty
Package: infwarerr 2019/12/03 v1.5 Providing info/warning/error messages (HO)
)
Package pdftexcmds Info: \pdf@primitive is available.
Package pdftexcmds Info: \pdf@ifprimitive is available.
Package pdftexcmds Info: \pdfdraftmode found.
)) (/usr/local/texlive/2024/texmf-dist/tex/latex/hycolor/hycolor.sty
Package: hycolor 2020-01-27 v1.10 Color options for hyperref/bookmark (HO)
) (/usr/local/texlive/2024/texmf-dist/tex/latex/auxhook/auxhook.sty
Package: auxhook 2019-12-17 v1.6 Hooks for auxiliary files (HO)
) (/usr/local/texlive/2024/texmf-dist/tex/latex/hyperref/nameref.sty
Package: nameref 2023-11-26 v2.56 Cross-referencing by name of section
 (/usr/local/texlive/2024/texmf-dist/tex/latex/refcount/refcount.sty
Package: refcount 2019/12/15 v3.6 Data extraction from label references (HO)
) (/usr/local/texlive/2024/texmf-dist/tex/generic/gettitlestring/gettitlestring.sty
Package: gettitlestring 2019/12/15 v1.6 Cleanup title references (HO)
 (/usr/local/texlive/2024/texmf-dist/tex/latex/kvoptions/kvoptions.sty
Package: kvoptions 2022-06-15 v3.15 Key value format for package options (HO)
))
\c@section@level=\count266
) (/usr/local/texlive/2024/texmf-dist/tex/latex/etoolbox/etoolbox.sty
Package: etoolbox 2020/10/05 v2.5k e-TeX tools for LaTeX (JAW)
\etb@tempcnta=\count267
)
\@linkdim=\dimen141
\Hy@linkcounter=\count268
\Hy@pagecounter=\count269
 (/usr/local/texlive/2024/texmf-dist/tex/latex/hyperref/pd1enc.def
File: pd1enc.def 2024-01-20 v7.01h Hyperref: PDFDocEncoding definition (HO)
Now handling font encoding PD1 ...
... no UTF-8 mapping file for font encoding PD1
) (/usr/local/texlive/2024/texmf-dist/tex/generic/intcalc/intcalc.sty
Package: intcalc 2019/12/15 v1.3 Expandable calculations with integers (HO)
)
\Hy@SavedSpaceFactor=\count270
 (/usr/local/texlive/2024/texmf-dist/tex/latex/hyperref/puenc.def
File: puenc.def 2024-01-20 v7.01h Hyperref: PDF Unicode definition (HO)
Now handling font encoding PU ...
... no UTF-8 mapping file for font encoding PU
)
Package hyperref Info: Option `unicode' set `true' on input line 4062.
Package hyperref Info: Option `linktocpage' set `true' on input line 4062.
Package hyperref Info: Hyper figures OFF on input line 4179.
Package hyperref Info: Link nesting OFF on input line 4184.
Package hyperref Info: Hyper index ON on input line 4187.
Package hyperref Info: Plain pages OFF on input line 4194.
Package hyperref Info: Backreferencing OFF on input line 4199.
Package hyperref Info: Implicit mode ON; LaTeX internals redefined.
Package hyperref Info: Bookmarks ON on input line 4446.
\c@Hy@tempcnt=\count271
 (/usr/local/texlive/2024/texmf-dist/tex/latex/url/url.sty
\Urlmuskip=\muskip16
Package: url 2013/09/16  ver 3.4  Verb mode for urls, etc.
)
LaTeX Info: Redefining \url on input line 4784.
\XeTeXLinkMargin=\dimen142
 (/usr/local/texlive/2024/texmf-dist/tex/generic/bitset/bitset.sty
Package: bitset 2019/12/09 v1.3 Handle bit-vector datatype (HO)
 (/usr/local/texlive/2024/texmf-dist/tex/generic/bigintcalc/bigintcalc.sty
Package: bigintcalc 2019/12/15 v1.5 Expandable calculations on big integers (HO)
))
\Fld@menulength=\count272
\Field@Width=\dimen143
\Fld@charsize=\dimen144
Package hyperref Info: Hyper figures OFF on input line 6063.
Package hyperref Info: Link nesting OFF on input line 6068.
Package hyperref Info: Hyper index ON on input line 6071.
Package hyperref Info: backreferencing OFF on input line 6078.
Package hyperref Info: Link coloring OFF on input line 6083.
Package hyperref Info: Link coloring with OCG OFF on input line 6088.
Package hyperref Info: PDF/A mode OFF on input line 6093.
 (/usr/local/texlive/2024/texmf-dist/tex/latex/base/atbegshi-ltx.sty
Package: atbegshi-ltx 2021/01/10 v1.0c Emulation of the original atbegshi
package with kernel methods
)
\Hy@abspage=\count273
\c@Item=\count274
\c@Hfootnote=\count275
)
Package hyperref Info: Driver (autodetected): hpdftex.
 (/usr/local/texlive/2024/texmf-dist/tex/latex/hyperref/hpdftex.def
File: hpdftex.def 2024-01-20 v7.01h Hyperref driver for pdfTeX
 (/usr/local/texlive/2024/texmf-dist/tex/latex/base/atveryend-ltx.sty
Package: atveryend-ltx 2020/08/19 v1.0a Emulation of the original atveryend package
with kernel methods
)
\Fld@listcount=\count276
\c@bookmark@seq@number=\count277
 (/usr/local/texlive/2024/texmf-dist/tex/latex/rerunfilecheck/rerunfilecheck.sty
Package: rerunfilecheck 2022-07-10 v1.10 Rerun checks for auxiliary files (HO)
 (/usr/local/texlive/2024/texmf-dist/tex/generic/uniquecounter/uniquecounter.sty
Package: uniquecounter 2019/12/15 v1.4 Provide unlimited unique counter (HO)
)
Package uniquecounter Info: New unique counter `rerunfilecheck' on input line 285.
)
\Hy@SectionHShift=\skip92
) (/usr/local/texlive/2024/texmf-dist/tex/latex/amsmath/amsmath.sty
Package: amsmath 2023/05/13 v2.17o AMS math features
\@mathmargin=\skip93

For additional information on amsmath, use the `?' option.
(/usr/local/texlive/2024/texmf-dist/tex/latex/amsmath/amstext.sty
Package: amstext 2021/08/26 v2.01 AMS text
 (/usr/local/texlive/2024/texmf-dist/tex/latex/amsmath/amsgen.sty
File: amsgen.sty 1999/11/30 v2.0 generic functions
\@emptytoks=\toks18
\ex@=\dimen145
)) (/usr/local/texlive/2024/texmf-dist/tex/latex/amsmath/amsbsy.sty
Package: amsbsy 1999/11/29 v1.2d Bold Symbols
\pmbraise@=\dimen146
) (/usr/local/texlive/2024/texmf-dist/tex/latex/amsmath/amsopn.sty
Package: amsopn 2022/04/08 v2.04 operator names
)
\inf@bad=\count278
LaTeX Info: Redefining \frac on input line 234.
\uproot@=\count279
\leftroot@=\count280
LaTeX Info: Redefining \overline on input line 399.
LaTeX Info: Redefining \colon on input line 410.
\classnum@=\count281
\DOTSCASE@=\count282
LaTeX Info: Redefining \ldots on input line 496.
LaTeX Info: Redefining \dots on input line 499.
LaTeX Info: Redefining \cdots on input line 620.
\Mathstrutbox@=\box51
\strutbox@=\box52
LaTeX Info: Redefining \big on input line 722.
LaTeX Info: Redefining \Big on input line 723.
LaTeX Info: Redefining \bigg on input line 724.
LaTeX Info: Redefining \Bigg on input line 725.
\big@size=\dimen147
LaTeX Font Info:    Redeclaring font encoding OML on input line 743.
LaTeX Font Info:    Redeclaring font encoding OMS on input line 744.
\macc@depth=\count283
LaTeX Info: Redefining \bmod on input line 905.
LaTeX Info: Redefining \pmod on input line 910.
LaTeX Info: Redefining \smash on input line 940.
LaTeX Info: Redefining \relbar on input line 970.
LaTeX Info: Redefining \Relbar on input line 971.
\c@MaxMatrixCols=\count284
\dotsspace@=\muskip17
\c@parentequation=\count285
\dspbrk@lvl=\count286
\tag@help=\toks19
\row@=\count287
\column@=\count288
\maxfields@=\count289
\andhelp@=\toks20
\eqnshift@=\dimen148
\alignsep@=\dimen149
\tagshift@=\dimen150
\tagwidth@=\dimen151
\totwidth@=\dimen152
\lineht@=\dimen153
\@envbody=\toks21
\multlinegap=\skip94
\multlinetaggap=\skip95
\mathdisplay@stack=\toks22
LaTeX Info: Redefining \[ on input line 2953.
LaTeX Info: Redefining \] on input line 2954.
) (/usr/local/texlive/2024/texmf-dist/tex/latex/amsfonts/amsfonts.sty
Package: amsfonts 2013/01/14 v3.01 Basic AMSFonts support
\symAMSa=\mathgroup4
\symAMSb=\mathgroup5
LaTeX Font Info:    Redeclaring math symbol \hbar on input line 98.
LaTeX Font Info:    Overwriting math alphabet `\mathfrak' in version `bold'
(Font)                  U/euf/m/n --> U/euf/b/n on input line 106.
) (/usr/local/texlive/2024/texmf-dist/tex/latex/amsfonts/amssymb.sty
Package: amssymb 2013/01/14 v3.01 AMS font symbols
) (/usr/local/texlive/2024/texmf-dist/tex/latex/graphics/graphicx.sty
Package: graphicx 2021/09/16 v1.2d Enhanced LaTeX Graphics (DPC,SPQR)
 (/usr/local/texlive/2024/texmf-dist/tex/latex/graphics/graphics.sty
Package: graphics 2022/03/10 v1.4e Standard LaTeX Graphics (DPC,SPQR)
 (/usr/local/texlive/2024/texmf-dist/tex/latex/graphics/trig.sty
Package: trig 2021/08/11 v1.11 sin cos tan (DPC)
) (/usr/local/texlive/2024/texmf-dist/tex/latex/graphics-cfg/graphics.cfg
File: graphics.cfg 2016/06/04 v1.11 sample graphics configuration
)
Package graphics Info: Driver file: pdftex.def on input line 107.
 (/usr/local/texlive/2024/texmf-dist/tex/latex/graphics-def/pdftex.def
File: pdftex.def 2022/09/22 v1.2b Graphics/color driver for pdftex
))
\Gin@req@height=\dimen154
\Gin@req@width=\dimen155
) (/usr/local/texlive/2024/texmf-dist/tex/latex/tools/afterpage.sty
Package: afterpage 2023/07/04 v1.08 After-Page Package (DPC)
\AP@output=\toks23
\AP@partial=\box53
\AP@footins=\box54
) (/usr/local/texlive/2024/texmf-dist/tex/latex/float/float.sty
Package: float 2001/11/08 v1.3d Float enhancements (AL)
\c@float@type=\count290
\float@exts=\toks24
\float@box=\box55
\@float@everytoks=\toks25
\@floatcapt=\box56
) (/usr/local/texlive/2024/texmf-dist/tex/latex/tools/longtable.sty
Package: longtable 2023-11-01 v4.19 Multi-page Table package (DPC)
\LTleft=\skip96
\LTright=\skip97
\LTpre=\skip98
\LTpost=\skip99
\LTchunksize=\count291
\LTcapwidth=\dimen156
\LT@head=\box57
\LT@firsthead=\box58
\LT@foot=\box59
\LT@lastfoot=\box60
\LT@gbox=\box61
\LT@cols=\count292
\LT@rows=\count293
\c@LT@tables=\count294
\c@LT@chunks=\count295
\LT@p@ftn=\toks26
) (/usr/local/texlive/2024/texmf-dist/tex/latex/pdflscape/pdflscape.sty
Package: pdflscape 2022-10-27 v0.13 Display of landscape pages in PDF
 (/usr/local/texlive/2024/texmf-dist/tex/latex/pdflscape/pdflscape-nometadata.sty
Package: pdflscape-nometadata 2022-10-28 v0.13 Display of landscape pages in PDF (HO)
 (/usr/local/texlive/2024/texmf-dist/tex/latex/graphics/lscape.sty
Package: lscape 2020/05/28 v3.02 Landscape Pages (DPC)
)
Package pdflscape Info: Auto-detected driver: pdftex on input line 81.
)) (/usr/local/texlive/2024/texmf-dist/tex/latex/natbib/natbib.sty
Package: natbib 2010/09/13 8.31b (PWD, AO)
\bibhang=\skip100
\bibsep=\skip101
LaTeX Info: Redefining \cite on input line 694.
\c@NAT@ctr=\count296
) (/usr/local/texlive/2024/texmf-dist/tex/latex/psfrag/psfrag.sty
Package: psfrag 1998/04/11 v3.04 PSfrag (MCG)
\pfg@pcount=\count297
\pfg@scount=\count298
\pfg@temp=\write3
) (/usr/local/texlive/2024/texmf-dist/tex/latex/parskip/parskip.sty
Package: parskip 2021-03-14 v2.0h non-zero parskip adjustments
) (/usr/local/texlive/2024/texmf-dist/tex/latex/caption/subcaption.sty
Package: subcaption 2023/07/28 v1.6b Sub-captions (AR)
 (/usr/local/texlive/2024/texmf-dist/tex/latex/caption/caption.sty
Package: caption 2023/08/05 v3.6o Customizing captions (AR)
 (/usr/local/texlive/2024/texmf-dist/tex/latex/caption/caption3.sty
Package: caption3 2023/07/31 v2.4d caption3 kernel (AR)
\caption@tempdima=\dimen157
\captionmargin=\dimen158
\caption@leftmargin=\dimen159
\caption@rightmargin=\dimen160
\caption@width=\dimen161
\caption@indent=\dimen162
\caption@parindent=\dimen163
\caption@hangindent=\dimen164
Package caption Info: Unknown document class (or package),
(caption)             standard defaults will be used.
Package caption Info: \@makecaption = \long macro:#1#2->\vskip \abovecaptionskip \sbox \@tempboxa {{\captionheaderfont #1:} {\captionbodyfont #2}}\ifdim \wd \@tempboxa >\hsize \if@hangingcaptions \@hangfrom {\captionheaderfont #1: }{\captionbodyfont #2\par }\else {\captionheaderfont #1: }{\captionbodyfont #2\par }\fi \else \global \@minipagefalse \hb@xt@ \hsize {\hfil \box \@tempboxa \hfil }\fi \vskip \belowcaptionskip  on input line 1175.
)

Package caption Warning: Unknown document class (or package),
(caption)                standard defaults will be used.
See the caption package documentation for explanation.

\c@caption@flags=\count299
\c@continuedfloat=\count300
Package caption Info: float package is loaded.
Package caption Info: hyperref package is loaded.
Package caption Info: longtable package is loaded.
(/usr/local/texlive/2024/texmf-dist/tex/latex/caption/ltcaption.sty
Package: ltcaption 2021/01/08 v1.4c longtable captions (AR)
))
Package caption Info: New subtype `subfigure' on input line 238.
\c@subfigure=\count301
Package caption Info: New subtype `subtable' on input line 238.
\c@subtable=\count302
) (/usr/local/texlive/2024/texmf-dist/tex/latex/lipsum/lipsum.sty (/usr/local/texlive/2024/texmf-dist/tex/latex/l3packages/l3keys2e/l3keys2e.sty (/usr/local/texlive/2024/texmf-dist/tex/latex/l3kernel/expl3.sty
Package: expl3 2024-02-20 L3 programming layer (loader) 
 (/usr/local/texlive/2024/texmf-dist/tex/latex/l3backend/l3backend-pdftex.def
File: l3backend-pdftex.def 2024-02-20 L3 backend support: PDF output (pdfTeX)
\l__color_backend_stack_int=\count303
\l__pdf_internal_box=\box62
))
Package: l3keys2e 2024-02-18 LaTeX2e option processing using LaTeX3 keys
)
Package: lipsum 2021-09-20 v2.7 150 paragraphs of Lorem Ipsum dummy text
\g__lipsum_par_int=\count304
\l__lipsum_a_int=\count305
\l__lipsum_b_int=\count306
 (/usr/local/texlive/2024/texmf-dist/tex/latex/lipsum/lipsum.ltd.tex))
\@float@every@Program=\toks27
\c@Program=\count307
 (./main.aux (./admin_chapters/committee_page/committee_page.aux) (./admin_chapters/lay_summary/lay_summary.aux) (./admin_chapters/preface/preface.aux) (./admin_chapters/list_of_abbreviations/list_of_abbreviations.aux) (./admin_chapters/acknowledgements/acknowledgements.aux) (./body_chapters/chap_1/chap_1.aux) (./body_chapters/chap_2/chap_2.aux) (./body_chapters/chap_3/chap_3.aux) (./body_chapters/chap_4/chap_4.aux) (./body_chapters/chap_a1/chap_a1.aux))
\openout1 = `main.aux'.

LaTeX Font Info:    Checking defaults for OML/cmm/m/it on input line 103.
LaTeX Font Info:    ... okay on input line 103.
LaTeX Font Info:    Checking defaults for OMS/cmsy/m/n on input line 103.
LaTeX Font Info:    ... okay on input line 103.
LaTeX Font Info:    Checking defaults for OT1/cmr/m/n on input line 103.
LaTeX Font Info:    ... okay on input line 103.
LaTeX Font Info:    Checking defaults for T1/cmr/m/n on input line 103.
LaTeX Font Info:    ... okay on input line 103.
LaTeX Font Info:    Checking defaults for TS1/cmr/m/n on input line 103.
LaTeX Font Info:    ... okay on input line 103.
LaTeX Font Info:    Checking defaults for OMX/cmex/m/n on input line 103.
LaTeX Font Info:    ... okay on input line 103.
LaTeX Font Info:    Checking defaults for U/cmr/m/n on input line 103.
LaTeX Font Info:    ... okay on input line 103.
LaTeX Font Info:    Checking defaults for PD1/pdf/m/n on input line 103.
LaTeX Font Info:    ... okay on input line 103.
LaTeX Font Info:    Checking defaults for PU/pdf/m/n on input line 103.
LaTeX Font Info:    ... okay on input line 103.
Package hyperref Info: Link coloring OFF on input line 103.
 (./main.out) (./main.out)
\@outlinefile=\write4
\openout4 = `main.out'.

 (/usr/local/texlive/2024/texmf-dist/tex/context/base/mkii/supp-pdf.mkii
[Loading MPS to PDF converter (version 2006.09.02).]
\scratchcounter=\count308
\scratchdimen=\dimen165
\scratchbox=\box63
\nofMPsegments=\count309
\nofMParguments=\count310
\everyMPshowfont=\toks28
\MPscratchCnt=\count311
\MPscratchDim=\dimen166
\MPnumerator=\count312
\makeMPintoPDFobject=\count313
\everyMPtoPDFconversion=\toks29
) (/usr/local/texlive/2024/texmf-dist/tex/latex/epstopdf-pkg/epstopdf-base.sty
Package: epstopdf-base 2020-01-24 v2.11 Base part for package epstopdf
Package epstopdf-base Info: Redefining graphics rule for `.eps' on input line 485.
 (/usr/local/texlive/2024/texmf-dist/tex/latex/latexconfig/epstopdf-sys.cfg
File: epstopdf-sys.cfg 2010/07/13 v1.3 Configuration of (r)epstopdf for TeX Live
))
Package caption Info: Begin \AtBeginDocument code.
Package caption Info: End \AtBeginDocument code.
 [1
Non-PDF special ignored!
<special> header=psfrag.pro


{/usr/local/texlive/2024/texmf-var/fonts/map/pdftex/updmap/pdftex.map}{/usr/local/texlive/2024/texmf-dist/fonts/enc/dvips/cm-super/cm-super-ts1.enc}]
\openout2 = `admin_chapters/committee_page/committee_page.aux'.

 (./admin_chapters/committee_page/committee_page.tex) [2



]
LaTeX Font Info:    Trying to load font information for U+msa on input line 127.
 (/usr/local/texlive/2024/texmf-dist/tex/latex/amsfonts/umsa.fd
File: umsa.fd 2013/01/14 v3.01 AMS symbols A
)
LaTeX Font Info:    Trying to load font information for U+msb on input line 127.
 (/usr/local/texlive/2024/texmf-dist/tex/latex/amsfonts/umsb.fd
File: umsb.fd 2013/01/14 v3.01 AMS symbols B
) [3



]
\openout2 = `admin_chapters/lay_summary/lay_summary.aux'.

 (./admin_chapters/lay_summary/lay_summary.tex) [4



]
\openout2 = `admin_chapters/preface/preface.aux'.

 (./admin_chapters/preface/preface.tex) [5




] (./main.toc [6



])
\tf@toc=\write5
\openout5 = `main.toc'.

 [7] (./main.lof)
\tf@lof=\write6
\openout6 = `main.lof'.

 [8

]
\openout2 = `admin_chapters/list_of_abbreviations/list_of_abbreviations.aux'.

 (./admin_chapters/list_of_abbreviations/list_of_abbreviations.tex) [9


]
\openout2 = `admin_chapters/acknowledgements/acknowledgements.aux'.

 (./admin_chapters/acknowledgements/acknowledgements.tex) [10




]
\openout2 = `body_chapters/chap_1/chap_1.aux'.

 (./body_chapters/chap_1/chap_1.tex
Chapter 1.
<body_chapters/chap_1/figs/2x2NoCFailure.png, id=234, 364.36125pt x 337.26pt>
File: body_chapters/chap_1/figs/2x2NoCFailure.png Graphic file (type png)
<use body_chapters/chap_1/figs/2x2NoCFailure.png>
Package pdftex.def Info: body_chapters/chap_1/figs/2x2NoCFailure.png  used on input line 9.
(pdftex.def)             Requested size: 341.9989pt x 316.57158pt.
[1





] [2 <./body_chapters/chap_1/figs/2x2NoCFailure.png>]) [3]
\openout2 = `body_chapters/chap_2/chap_2.aux'.

 (./body_chapters/chap_2/chap_2.tex
Chapter 2.
[4




] [5] [6]) [7]
\openout2 = `body_chapters/chap_3/chap_3.aux'.

 (./body_chapters/chap_3/chap_3.tex
Chapter 3.
[8




] [9] [10] [11]
<body_chapters/chap_3/figs/RL.png, id=336, 282.05376pt x 201.75375pt>
File: body_chapters/chap_3/figs/RL.png Graphic file (type png)
<use body_chapters/chap_3/figs/RL.png>
Package pdftex.def Info: body_chapters/chap_3/figs/RL.png  used on input line 97.
(pdftex.def)             Requested size: 251.9989pt x 180.25908pt.
 [12 <./body_chapters/chap_3/figs/RL.png>] [13] [14] [15]) [16]
\openout2 = `body_chapters/chap_4/chap_4.aux'.

 (./body_chapters/chap_4/chap_4.tex
Chapter 4.
[17




] [18]
<body_chapters/chap_4/figs/af_weak10_bar_links.png, id=396, 714.5094pt x 351.714pt>
File: body_chapters/chap_4/figs/af_weak10_bar_links.png Graphic file (type png)
<use body_chapters/chap_4/figs/af_weak10_bar_links.png>
Package pdftex.def Info: body_chapters/chap_4/figs/af_weak10_bar_links.png  used on input line 33.
(pdftex.def)             Requested size: 341.9989pt x 168.34853pt.
<body_chapters/chap_4/figs/af_weak10_bar_routers.png, id=397, 714.5094pt x 351.714pt>
File: body_chapters/chap_4/figs/af_weak10_bar_routers.png Graphic file (type png)
<use body_chapters/chap_4/figs/af_weak10_bar_routers.png>
Package pdftex.def Info: body_chapters/chap_4/figs/af_weak10_bar_routers.png  used on input line 41.
(pdftex.def)             Requested size: 341.9989pt x 168.34853pt.
 [19 <./body_chapters/chap_4/figs/af_weak10_bar_links.png>] [20 <./body_chapters/chap_4/figs/af_weak10_bar_routers.png>]
<body_chapters/chap_4/figs/latency_transpose.png, id=414, 498.663pt x 316.5426pt>
File: body_chapters/chap_4/figs/latency_transpose.png Graphic file (type png)
<use body_chapters/chap_4/figs/latency_transpose.png>
Package pdftex.def Info: body_chapters/chap_4/figs/latency_transpose.png  used on input line 63.
(pdftex.def)             Requested size: 288.0011pt x 182.8172pt.
<body_chapters/chap_4/figs/latency_bit_reverse.png, id=415, 498.663pt x 316.5426pt>
File: body_chapters/chap_4/figs/latency_bit_reverse.png Graphic file (type png)
<use body_chapters/chap_4/figs/latency_bit_reverse.png>
Package pdftex.def Info: body_chapters/chap_4/figs/latency_bit_reverse.png  used on input line 70.
(pdftex.def)             Requested size: 288.0011pt x 182.8172pt.
<body_chapters/chap_4/figs/latency_bit_rotation.png, id=416, 498.663pt x 316.5426pt>
File: body_chapters/chap_4/figs/latency_bit_rotation.png Graphic file (type png)
<use body_chapters/chap_4/figs/latency_bit_rotation.png>
Package pdftex.def Info: body_chapters/chap_4/figs/latency_bit_rotation.png  used on input line 80.
(pdftex.def)             Requested size: 288.0011pt x 182.8172pt.
<body_chapters/chap_4/figs/latency_uniform.png, id=417, 498.663pt x 316.5426pt>
File: body_chapters/chap_4/figs/latency_uniform.png Graphic file (type png)
<use body_chapters/chap_4/figs/latency_uniform.png>
Package pdftex.def Info: body_chapters/chap_4/figs/latency_uniform.png  used on input line 90.
(pdftex.def)             Requested size: 288.0011pt x 182.8172pt.
<body_chapters/chap_4/figs/latency_shuffle.png, id=418, 498.663pt x 316.5426pt>
File: body_chapters/chap_4/figs/latency_shuffle.png Graphic file (type png)
<use body_chapters/chap_4/figs/latency_shuffle.png>
Package pdftex.def Info: body_chapters/chap_4/figs/latency_shuffle.png  used on input line 97.
(pdftex.def)             Requested size: 288.0011pt x 182.8172pt.
<body_chapters/chap_4/figs/latency_tornado.png, id=419, 498.663pt x 316.5426pt>
File: body_chapters/chap_4/figs/latency_tornado.png Graphic file (type png)
<use body_chapters/chap_4/figs/latency_tornado.png>
Package pdftex.def Info: body_chapters/chap_4/figs/latency_tornado.png  used on input line 109.
(pdftex.def)             Requested size: 288.0011pt x 182.8172pt.
<body_chapters/chap_4/figs/latency_neighbor.png, id=420, 498.663pt x 316.5426pt>
File: body_chapters/chap_4/figs/latency_neighbor.png Graphic file (type png)
<use body_chapters/chap_4/figs/latency_neighbor.png>
Package pdftex.def Info: body_chapters/chap_4/figs/latency_neighbor.png  used on input line 116.
(pdftex.def)             Requested size: 288.0011pt x 182.8172pt.
) [21] [22 <./body_chapters/chap_4/figs/latency_transpose.png> <./body_chapters/chap_4/figs/latency_bit_reverse.png>] [23 <./body_chapters/chap_4/figs/latency_bit_rotation.png>] [24 <./body_chapters/chap_4/figs/latency_uniform.png> <./body_chapters/chap_4/figs/latency_shuffle.png>] [25 <./body_chapters/chap_4/figs/latency_tornado.png> <./body_chapters/chap_4/figs/latency_neighbor.png>] (./main.bbl [26



] [27]) [28]
\openout2 = `body_chapters/chap_a1/chap_a1.aux'.

 (./body_chapters/chap_a1/chap_a1.tex
Appendix A.
<body_chapters/chap_a1/figs/uniform.png, id=463, 860.013pt x 321.8424pt>
File: body_chapters/chap_a1/figs/uniform.png Graphic file (type png)
<use body_chapters/chap_a1/figs/uniform.png>
Package pdftex.def Info: body_chapters/chap_a1/figs/uniform.png  used on input line 8.
(pdftex.def)             Requested size: 360.0pt x 134.72107pt.
<body_chapters/chap_a1/figs/shuffle.png, id=464, 859.0494pt x 321.8424pt>
File: body_chapters/chap_a1/figs/shuffle.png Graphic file (type png)
<use body_chapters/chap_a1/figs/shuffle.png>
Package pdftex.def Info: body_chapters/chap_a1/figs/shuffle.png  used on input line 16.
(pdftex.def)             Requested size: 360.0pt x 134.87332pt.
<body_chapters/chap_a1/figs/transpose.png, id=465, 859.0494pt x 321.8424pt>
File: body_chapters/chap_a1/figs/transpose.png Graphic file (type png)
<use body_chapters/chap_a1/figs/transpose.png>
Package pdftex.def Info: body_chapters/chap_a1/figs/transpose.png  used on input line 24.
(pdftex.def)             Requested size: 360.0pt x 134.87332pt.
<body_chapters/chap_a1/figs/bit_reverse.png, id=466, 859.0494pt x 321.8424pt>
File: body_chapters/chap_a1/figs/bit_reverse.png Graphic file (type png)
<use body_chapters/chap_a1/figs/bit_reverse.png>
Package pdftex.def Info: body_chapters/chap_a1/figs/bit_reverse.png  used on input line 32.
(pdftex.def)             Requested size: 360.0pt x 134.87332pt.
<body_chapters/chap_a1/figs/bit_rotation.png, id=467, 859.0494pt x 321.8424pt>
File: body_chapters/chap_a1/figs/bit_rotation.png Graphic file (type png)
<use body_chapters/chap_a1/figs/bit_rotation.png>
Package pdftex.def Info: body_chapters/chap_a1/figs/bit_rotation.png  used on input line 40.
(pdftex.def)             Requested size: 360.0pt x 134.87332pt.
<body_chapters/chap_a1/figs/neighbor.png, id=468, 860.013pt x 321.8424pt>
File: body_chapters/chap_a1/figs/neighbor.png Graphic file (type png)
<use body_chapters/chap_a1/figs/neighbor.png>
Package pdftex.def Info: body_chapters/chap_a1/figs/neighbor.png  used on input line 48.
(pdftex.def)             Requested size: 360.0pt x 134.72107pt.
<body_chapters/chap_a1/figs/tornado.png, id=469, 859.0494pt x 321.8424pt>
File: body_chapters/chap_a1/figs/tornado.png Graphic file (type png)
<use body_chapters/chap_a1/figs/tornado.png>
Package pdftex.def Info: body_chapters/chap_a1/figs/tornado.png  used on input line 56.
(pdftex.def)             Requested size: 360.0pt x 134.87332pt.
) [29



 <./body_chapters/chap_a1/figs/uniform.png> <./body_chapters/chap_a1/figs/shuffle.png>] [30 <./body_chapters/chap_a1/figs/transpose.png> <./body_chapters/chap_a1/figs/bit_reverse.png> <./body_chapters/chap_a1/figs/bit_rotation.png>] [31 <./body_chapters/chap_a1/figs/neighbor.png> <./body_chapters/chap_a1/figs/tornado.png>] (./main.aux (./admin_chapters/committee_page/committee_page.aux) (./admin_chapters/lay_summary/lay_summary.aux) (./admin_chapters/preface/preface.aux) (./admin_chapters/list_of_abbreviations/list_of_abbreviations.aux) (./admin_chapters/acknowledgements/acknowledgements.aux) (./body_chapters/chap_1/chap_1.aux) (./body_chapters/chap_2/chap_2.aux) (./body_chapters/chap_3/chap_3.aux) (./body_chapters/chap_4/chap_4.aux) (./body_chapters/chap_a1/chap_a1.aux))
 ***********
LaTeX2e <2023-11-01> patch level 1
L3 programming layer <2024-02-20>
 ***********
Package rerunfilecheck Info: File `main.out' has not changed.
(rerunfilecheck)             Checksum: 6FD71CDEEC487156B413778CAE952E97;4978.
 ) 
Here is how much of TeX's memory you used:
 13252 strings out of 474116
 224364 string characters out of 5743682
 1935187 words of memory out of 5000000
 35230 multiletter control sequences out of 15000+600000
 566487 words of font info for 66 fonts, out of 8000000 for 9000
 1141 hyphenation exceptions out of 8191
 79i,10n,93p,1496b,595s stack positions out of 10000i,1000n,20000p,200000b,200000s
</usr/local/texlive/2024/texmf-dist/fonts/type1/public/amsfonts/cm/cmbx10.pfb></usr/local/texlive/2024/texmf-dist/fonts/type1/public/amsfonts/cm/cmbx12.pfb></usr/local/texlive/2024/texmf-dist/fonts/type1/public/amsfonts/cm/cmex10.pfb></usr/local/texlive/2024/texmf-dist/fonts/type1/public/amsfonts/cm/cmmi10.pfb></usr/local/texlive/2024/texmf-dist/fonts/type1/public/amsfonts/cm/cmmi6.pfb></usr/local/texlive/2024/texmf-dist/fonts/type1/public/amsfonts/cm/cmmi8.pfb></usr/local/texlive/2024/texmf-dist/fonts/type1/public/amsfonts/cm/cmr10.pfb></usr/local/texlive/2024/texmf-dist/fonts/type1/public/amsfonts/cm/cmr6.pfb></usr/local/texlive/2024/texmf-dist/fonts/type1/public/amsfonts/cm/cmr8.pfb></usr/local/texlive/2024/texmf-dist/fonts/type1/public/amsfonts/cm/cmsl10.pfb></usr/local/texlive/2024/texmf-dist/fonts/type1/public/amsfonts/cm/cmsy10.pfb></usr/local/texlive/2024/texmf-dist/fonts/type1/public/amsfonts/cm/cmsy6.pfb></usr/local/texlive/2024/texmf-dist/fonts/type1/public/amsfonts/cm/cmsy8.pfb></usr/local/texlive/2024/texmf-dist/fonts/type1/public/amsfonts/cm/cmti10.pfb></usr/local/texlive/2024/texmf-dist/fonts/type1/public/cm-super/sfrm1095.pfb>
Output written on main.pdf (41 pages, 1239273 bytes).
PDF statistics:
 585 PDF objects out of 1000 (max. 8388607)
 471 compressed objects within 5 object streams
 127 named destinations out of 1000 (max. 500000)
 323 words of extra memory for PDF output out of 10000 (max. 10000000)

